\BOOKMARK [0][-]{chapter.1}{\376\377\000I\000n\000t\000r\000o\000d\000u\000c\000t\000i\000o\000n}{}% 1
\BOOKMARK [1][-]{section.1.1}{\376\377\000P\000r\000\351\000s\000e\000n\000t\000a\000t\000i\000o\000n\000\040\000d\000u\000\040\000t\000r\000a\000v\000a\000i\000l}{chapter.1}% 2
\BOOKMARK [1][-]{section.1.2}{\376\377\000O\000b\000j\000e\000c\000t\000i\000f\000s\000\040\000d\000u\000\040\000p\000r\000o\000j\000e\000t}{chapter.1}% 3
\BOOKMARK [2][-]{subsection.1.2.1}{\376\377\000L\000a\000\040\000v\000i\000s\000i\000b\000i\000l\000i\000t\000\351\000\040\000a\000u\000\040\000s\000e\000i\000n\000\040\000d\000e\000\040\000l\040\031\000\351\000c\000o\000l\000e}{section.1.2}% 4
\BOOKMARK [2][-]{subsection.1.2.2}{\376\377\000L\000a\000\040\000v\000i\000s\000i\000b\000i\000l\000i\000t\000\351\000\040\000h\000o\000r\000s\000\040\000d\000e\000\040\000l\040\031\000\351\000c\000o\000l\000e}{section.1.2}% 5
\BOOKMARK [2][-]{subsection.1.2.3}{\376\377\000I\000n\000f\000o\000r\000m\000e\000r\000\040\000d\000e\000s\000\040\000\351\000v\000\350\000n\000e\000m\000e\000n\000t\000s\000\040\000\340\000\040\000v\000e\000n\000i\000r}{section.1.2}% 6
\BOOKMARK [1][-]{section.1.3}{\376\377\000U\000t\000i\000l\000i\000s\000a\000t\000e\000u\000r\000s\000\040\000v\000i\000s\000\351\000s}{chapter.1}% 7
\BOOKMARK [1][-]{section.1.4}{\376\377\000S\000t\000r\000u\000c\000t\000u\000r\000e\000\040\000d\000u\000\040\000t\000r\000a\000v\000a\000i\000l}{chapter.1}% 8
\BOOKMARK [0][-]{chapter.2}{\376\377\000D\000o\000c\000u\000m\000e\000n\000t\000a\000t\000i\000o\000n\000\040\000u\000t\000i\000l\000i\000s\000a\000t\000e\000u\000r}{}% 9
\BOOKMARK [1][-]{section.2.1}{\376\377\000M\000i\000s\000e\000\040\000e\000n\000\040\000R\000o\000u\000t\000e}{chapter.2}% 10
\BOOKMARK [1][-]{section.2.2}{\376\377\000D\000\351\000p\000e\000n\000d\000a\000n\000c\000e\000s}{chapter.2}% 11
\BOOKMARK [1][-]{section.2.3}{\376\377\000P\000r\000i\000n\000c\000i\000p\000a\000l\000e\000s\000\040\000f\000o\000n\000c\000t\000i\000o\000n\000n\000a\000l\000i\000t\000\351\000s\000\040\000d\000u\000\040\000s\000i\000t\000e}{chapter.2}% 12
\BOOKMARK [2][-]{subsection.2.3.1}{\376\377\000V\000u\000e\000\040\000d\040\031\000e\000n\000s\000e\000m\000b\000l\000e}{section.2.3}% 13
\BOOKMARK [2][-]{subsection.2.3.2}{\376\377\000V\000u\000e\000\040\000d\000\351\000t\000a\000i\000l\000l\000\351\000e}{section.2.3}% 14
\BOOKMARK [2][-]{subsection.2.3.3}{\376\377\000V\000u\000e\000\040\000r\000a\000c\000c\000o\000u\000r\000c\000i\000e}{section.2.3}% 15
\BOOKMARK [2][-]{subsection.2.3.4}{\376\377\000F\000o\000n\000c\000t\000i\000o\000n\000n\000a\000l\000i\000t\000\351\000\040\000p\000r\000a\000t\000i\000q\000u\000e}{section.2.3}% 16
\BOOKMARK [0][-]{chapter.3}{\376\377\000D\000o\000c\000u\000m\000e\000n\000t\000a\000t\000i\000o\000n\000\040\000d\000\351\000v\000e\000l\000o\000p\000p\000e\000u\000r}{}% 17
\BOOKMARK [1][-]{section.3.1}{\376\377\000M\000i\000s\000e\000\040\000e\000n\000\040\000R\000o\000u\000t\000e}{chapter.3}% 18
\BOOKMARK [1][-]{section.3.2}{\376\377\000I\000n\000s\000t\000a\000l\000l\000a\000t\000i\000o\000n}{chapter.3}% 19
\BOOKMARK [1][-]{section.3.3}{\376\377\000C\000o\000n\000t\000r\000i\000b\000u\000t\000i\000o\000n\000s}{chapter.3}% 20
\BOOKMARK [1][-]{section.3.4}{\376\377\000S\000t\000r\000u\000c\000t\000u\000r\000e\000\040\000d\000u\000\040\000c\000o\000d\000e\000\040\000e\000t\000\040\000r\000\364\000l\000e\000\040\000d\000e\000s\000\040\000d\000i\000f\000f\000\351\000r\000e\000n\000t\000s\000\040\000f\000i\000c\000h\000i\000e\000r\000s}{chapter.3}% 21
\BOOKMARK [2][-]{subsection.3.4.1}{\376\377\000S\000t\000r\000u\000c\000t\000u\000r\000e\000\040\000d\000u\000\040\000c\000o\000d\000e}{section.3.4}% 22
\BOOKMARK [3][-]{subsubsection*.3}{\376\377\000H\000T\000M\000L}{subsection.3.4.1}% 23
\BOOKMARK [4][-]{paragraph*.4}{\376\377\000M\000\351\000t\000a\000d\000o\000n\000n\000\351\000e\000s}{subsubsection*.3}% 24
\BOOKMARK [3][-]{subsubsection*.5}{\376\377\000C\000S\000S}{subsection.3.4.1}% 25
\BOOKMARK [4][-]{paragraph*.6}{\376\377\000R\000e\000s\000p\000o\000n\000s\000i\000v\000i\000t\000y}{subsubsection*.5}% 26
\BOOKMARK [1][-]{section.3.5}{\376\377\000I\000n\000s\000t\000r\000u\000c\000t\000i\000o\000n\000s\000\040\000p\000o\000u\000r\000\040\000t\000e\000s\000t\000e\000r\000\040\000l\000e\000\040\000p\000r\000o\000j\000e\000t}{chapter.3}% 27
\BOOKMARK [1][-]{section.3.6}{\376\377\000P\000r\000\351\000s\000e\000n\000t\000a\000t\000i\000o\000n\000\040\000d\000e\000s\000\040\000o\000u\000t\000i\000l\000s\000\040\000s\000o\000u\000s\000-\000j\000a\000c\000e\000n\000t\000s\000\040\000a\000u\000\040\000p\000r\000o\000j\000e\000t}{chapter.3}% 28
\BOOKMARK [2][-]{subsection.3.6.1}{\376\377\000P\000r\000i\000n\000c\000i\000p\000e\000s\000\040\000d\000e\000\040\000c\000o\000n\000c\000e\000p\000t\000i\000o\000n\000\040\000/\000\040\000d\000e\000\040\000p\000r\000o\000g\000r\000a\000m\000m\000a\000t\000i\000o\000n}{section.3.6}% 29
\BOOKMARK [0][-]{chapter.4}{\376\377\000R\000e\000g\000a\000r\000d\000\040\000C\000r\000i\000t\000i\000q\000u\000e}{}% 30
\BOOKMARK [1][-]{section.4.1}{\376\377\000P\000i\000s\000t\000e\000s\000\040\000d\040\031\000a\000m\000\351\000l\000i\000o\000r\000a\000t\000i\000o\000n\000s}{chapter.4}% 31
\BOOKMARK [1][-]{section.4.2}{\376\377\000\311\000l\000\351\000m\000e\000n\000t\000s\000\040\000n\000e\000\040\000r\000\351\000p\000o\000n\000d\000a\000n\000t\000\040\000p\000a\000s\000\040\000a\000u\000x\000\040\000o\000b\000j\000e\000c\000t\000i\000f\000s\000\040\000i\000n\000i\000t\000i\000a\000u\000x\000\040\000f\000i\000x\000\351\000s}{chapter.4}% 32
\BOOKMARK [2][-]{subsection.4.2.1}{\376\377\000O\000b\000j\000e\000c\000t\000i\000f\000\040\000n\000o\000n\000\040\000r\000e\000m\000p\000l\000i\000t}{section.4.2}% 33
\BOOKMARK [2][-]{subsection.4.2.2}{\376\377\000P\000i\000s\000t\000e\000s\000\040\000d\000e\000\040\000s\000o\000l\000u\000t\000i\000o\000n\000s}{section.4.2}% 34
\BOOKMARK [1][-]{section.4.3}{\376\377\000D\000i\000f\000f\000i\000c\000u\000l\000t\000\351\000s\000\040\000r\000e\000n\000c\000o\000n\000t\000r\000\351\000e\000s}{chapter.4}% 35
\BOOKMARK [1][-]{section.4.4}{\376\377\000F\000o\000n\000c\000t\000i\000o\000n\000n\000a\000l\000i\000t\000\351\000s\000\040\000s\000u\000p\000p\000l\000\351\000m\000e\000n\000t\000a\000i\000r\000e\000s}{chapter.4}% 36
\BOOKMARK [0][-]{chapter.5}{\376\377\000C\000o\000n\000c\000l\000u\000s\000i\000o\000n}{}% 37
\BOOKMARK [0][-]{chapter.6}{\376\377\000T\000r\000a\000v\000a\000u\000x\000\040\000f\000u\000t\000u\000r\000s}{}% 38
\BOOKMARK [0][-]{appendix.A}{\376\377\000D\000\351\000c\000l\000a\000r\000a\000t\000i\000o\000n\000\040\000p\000e\000r\000s\000o\000n\000n\000e\000l\000l\000e}{}% 39
\BOOKMARK [1][-]{section.A.1}{\376\377\000T\000r\000a\000v\000a\000u\000x\000\040\000c\000o\000m\000p\000l\000\351\000m\000e\000n\000t\000a\000i\000r\000e\000s}{appendix.A}% 40
\BOOKMARK [2][-]{subsection.A.1.1}{\376\377\000R\000e\000c\000h\000e\000r\000c\000h\000e\000s\000\040\000A\000r\000t\000i\000s\000t\000i\000q\000u\000e\000s}{section.A.1}% 41
\BOOKMARK [2][-]{subsection.A.1.2}{\376\377\000M\000a\000q\000u\000e\000t\000t\000e\000s}{section.A.1}% 42
\BOOKMARK [3][-]{subsubsection*.7}{\376\377\000P\000r\000e\000m\000i\000\350\000r\000e\000\040\000m\000a\000q\000u\000e\000t\000t\000e}{subsection.A.1.2}% 43
\BOOKMARK [3][-]{subsubsection*.8}{\376\377\000P\000r\000e\000m\000i\000\350\000r\000e\000\040\000m\000a\000q\000u\000e\000t\000t\000e\000\040\000\253\000\040\000d\040\031\000e\000x\000p\000l\000o\000r\000a\000t\000i\000o\000n\000\040\000\273}{subsection.A.1.2}% 44
\BOOKMARK [3][-]{subsubsection*.9}{\376\377\000D\000e\000u\000x\000i\000\350\000m\000e\000\040\000m\000a\000q\000u\000e\000t\000t\000e\000\040\000\253\000\040\000d\040\031\000e\000x\000p\000l\000o\000r\000a\000t\000i\000o\000n\000\040\000\273}{subsection.A.1.2}% 45
\BOOKMARK [3][-]{subsubsection*.10}{\376\377\000C\000h\000o\000i\000x\000\040\000f\000i\000n\000a\000l}{subsection.A.1.2}% 46
\BOOKMARK [0][-]{appendix.B}{\376\377\000T\000u\000t\000o\000r\000i\000e\000l\000\040\000S\000p\000h\000i\000n\000x\000\040\000/\000\040\000M\000y\000S\000T}{}% 47
\BOOKMARK [1][-]{section.B.1}{\376\377\000F\000o\000n\000c\000t\000i\000o\000n\000n\000e\000m\000e\000n\000t\000\040\000d\000e\000\040\000l\000a\000\040\000t\000o\000o\000l\000c\000h\000a\000i\000n\000\040\000S\000p\000h\000i\000n\000x}{appendix.B}% 48
\BOOKMARK [2][-]{subsection.B.1.1}{\376\377\000L\000e\000s\000\040\000a\000v\000a\000n\000t\000a\000g\000e\000s\000\040\000d\000e\000\040\000S\000p\000h\000i\000n\000x\000\040\000p\000a\000r\000\040\000r\000a\000p\000p\000o\000r\000t\000\040\000\340\000\040\000W\000o\000r\000d}{section.B.1}% 49
\BOOKMARK [2][-]{subsection.B.1.2}{\376\377\000L\000e\000s\000\040\000d\000\351\000s\000a\000v\000a\000n\000t\000a\000g\000e\000s\000\040\000d\000e\000\040\000S\000p\000h\000i\000n\000x\000\040\000p\000a\000r\000\040\000r\000a\000p\000p\000o\000r\000t\000\040\000\340\000\040\000W\000o\000r\000d}{section.B.1}% 50
\BOOKMARK [1][-]{section.B.2}{\376\377\000L\000e\000s\000\040\000b\000a\000s\000e\000s\000\040\000d\000e\000\040\000l\000a\000\040\000r\000\351\000d\000a\000c\000t\000i\000o\000n\000\040\000a\000v\000e\000c\000\040\000S\000p\000h\000i\000n\000x}{appendix.B}% 51
\BOOKMARK [2][-]{subsection.B.2.1}{\376\377\000F\000i\000c\000h\000i\000e\000r\000s\000\040\000M\000a\000r\000k\000d\000o\000w\000n\000\040\000o\000u\000\040\000R\000e\000s\000t\000r\000u\000c\000t\000u\000r\000e\000d\000T\000e\000x\000t}{section.B.2}% 52
\BOOKMARK [2][-]{subsection.B.2.2}{\376\377\000B\000i\000e\000n\000\040\000d\000\351\000m\000a\000r\000r\000e\000r}{section.B.2}% 53
\BOOKMARK [1][-]{section.B.3}{\376\377\000I\000n\000s\000\351\000r\000e\000r\000\040\000d\000u\000\040\000c\000o\000d\000e}{appendix.B}% 54
\BOOKMARK [2][-]{subsection.B.3.1}{\376\377\000I\000n\000s\000e\000r\000t\000i\000o\000n\000\040\000s\000i\000m\000p\000l\000e}{section.B.3}% 55
\BOOKMARK [2][-]{subsection.B.3.2}{\376\377\000P\000l\000u\000s\000\040\000d\000e\000\040\000f\000l\000e\000x\000i\000b\000i\000l\000i\000t\000\351}{section.B.3}% 56
\BOOKMARK [2][-]{subsection.B.3.3}{\376\377\000I\000n\000s\000\351\000r\000e\000r\000\040\000d\000u\000\040\000c\000o\000d\000e\000\040\000d\000e\000p\000u\000i\000s\000\040\000u\000n\000\040\000f\000i\000c\000h\000i\000e\000r\000\040\000e\000x\000t\000e\000r\000n\000e}{section.B.3}% 57
\BOOKMARK [3][-]{subsubsection*.11}{\376\377\000T\000i\000t\000r\000e\000\040\0002}{subsection.B.3.3}% 58
\BOOKMARK [4][-]{paragraph*.12}{\376\377\000T\000i\000t\000r\000e\000\040\0003}{subsubsection*.11}% 59
\BOOKMARK [1][-]{section.B.4}{\376\377\000I\000n\000s\000\351\000r\000e\000r\000\040\000d\000e\000s\000\040\000i\000m\000a\000g\000e\000s}{appendix.B}% 60
\BOOKMARK [2][-]{subsection.B.4.1}{\376\377\000I\000n\000s\000\351\000r\000e\000r\000\040\000u\000n\000\040\000t\000a\000b\000l\000e\000a\000u}{section.B.4}% 61
\BOOKMARK [1][-]{section.B.5}{\376\377\000F\000o\000n\000c\000t\000i\000o\000n\000n\000a\000l\000i\000t\000\351\000s\000\040\000a\000v\000a\000n\000c\000\351\000e\000s}{appendix.B}% 62
\BOOKMARK [2][-]{subsection.B.5.1}{\376\377\000E\000n\000c\000a\000d\000r\000\351\000s}{section.B.5}% 63
\BOOKMARK [2][-]{subsection.B.5.2}{\376\377\000D\000i\000r\000e\000c\000t\000i\000o\000n\000\040\000r\000a\000w}{section.B.5}% 64
\BOOKMARK [1][-]{section.B.6}{\376\377\000R\000\351\000f\000\351\000r\000e\000n\000c\000e\000s\000\040\000c\000r\000o\000i\000s\000\351\000e\000s}{appendix.B}% 65
\BOOKMARK [0][-]{appendix.C}{\376\377\000I\000n\000d\000i\000c\000e\000s\000\040\000a\000n\000d\000\040\000t\000a\000b\000l\000e\000s}{}% 66
